[2025-12-22 12:29:18.017] [GNVEngine] [warning] Test
[2025-12-22 12:29:18.017] [GNVEngine] [error] Test
[2025-12-22 12:29:18.017] [GNVEngine] [critical] Test
[2025-12-29 14:12:44.403] [GNVEngine] [trace] Loggers setup.
[2025-12-29 14:12:44.404] [GNVEngine] [trace] Test
[2025-12-29 14:12:44.404] [GNVEngine] [debug] Test
[2025-12-29 14:12:44.404] [GNVEngine] [info] Test
[2025-12-29 14:12:44.405] [GNVEngine] [warning] Test
[2025-12-29 14:12:44.405] [GNVEngine] [error] Test
[2025-12-29 14:12:44.405] [GNVEngine] [critical] Test
[2025-12-29 14:12:44.793] [GNVEngine] [trace] loadGltf()
[2025-12-29 14:12:44.793] [GNVEngine] [trace] Loading assets/models/viking_room.glb
[2025-12-29 14:12:44.794] [GNVEngine] [error] GLB file not found: assets/models/viking_room.glb
[2025-12-29 14:12:44.794] [GNVEngine] [trace] createInstance()
[2025-12-29 14:12:47.793] [GNVEngine] [trace] setupDebugMessenger()
[2025-12-29 14:12:47.793] [GNVEngine] [trace] createSurface()
[2025-12-29 14:12:47.794] [GNVEngine] [trace] pickPhysicalDevice()
[2025-12-29 14:12:47.799] [GNVEngine] [trace] createLogicalDevice()
[2025-12-29 14:12:47.992] [GNVEngine] [trace] createSwapChain()
[2025-12-29 14:12:48.410] [GNVEngine] [trace] createImageViews()
[2025-12-29 14:12:48.410] [GNVEngine] [trace] createDescriptorSetLayout()
[2025-12-29 14:12:48.411] [GNVEngine] [trace] createGraphicsPipeline()
